<?xml version="1.0" encoding="UTF-8"?>
<!-- Generated by org.testng.reporters.JUnitReportReporter -->
<testsuite hostname="DESKTOP-AG9QOA8" failures="0" tests="1" name="com.technogearup.E2EProject.HeaderOfThePage" time="10.284" errors="0" timestamp="2022-10-12T12:17:53 BDT" skipped="0">
  <testcase classname="com.technogearup.E2EProject.HeaderOfThePage" name="utilityBanner" time="10.284"/>
  <system-out/>
</testsuite> <!-- com.technogearup.E2EProject.HeaderOfThePage -->
