<?xml version="1.0" encoding="UTF-8"?>
<!-- Generated by org.testng.reporters.JUnitReportReporter -->
<testsuite hostname="DESKTOP-AG9QOA8" failures="0" tests="1" name="com.technogearup.E2EProject.ValidateTitle" time="0.000" errors="0" timestamp="01 Oct 2022 12:47:36 GMT" skipped="1">
  <testcase classname="com.technogearup.E2EProject.ValidateTitle" name="validateTitle" time="0.000">
    <skipped/>
  </testcase> <!-- validateTitle -->
</testsuite> <!-- com.technogearup.E2EProject.ValidateTitle -->
