<?xml version="1.0" encoding="UTF-8"?>
<!-- Generated by org.testng.reporters.JUnitReportReporter -->
<testsuite hostname="DESKTOP-AG9QOA8" failures="0" tests="3" name="com.technogearup.E2EProject.HeaderOfThePage" time="2.912" errors="0" timestamp="2022-10-07T10:51:55 BDT" skipped="0">
  <testcase classname="com.technogearup.E2EProject.HeaderOfThePage" name="headerContent" time="0.835"/>
  <system-out/>
  <testcase classname="com.technogearup.E2EProject.HeaderOfThePage" name="logo" time="0.225"/>
  <system-out/>
  <testcase classname="com.technogearup.E2EProject.HeaderOfThePage" name="searchOption" time="1.852"/>
  <system-out/>
</testsuite> <!-- com.technogearup.E2EProject.HeaderOfThePage -->
