<?xml version="1.0" encoding="UTF-8"?>
<!-- Generated by org.testng.reporters.JUnitReportReporter -->
<testsuite hostname="DESKTOP-AG9QOA8" failures="0" tests="1" name="com.technogearup.E2EProject.HeaderOfThePage" time="72.523" errors="0" timestamp="2022-10-11T08:48:10 BDT" skipped="0">
  <testcase classname="com.technogearup.E2EProject.HeaderOfThePage" name="navigation" time="72.523"/>
  <system-out/>
</testsuite> <!-- com.technogearup.E2EProject.HeaderOfThePage -->
