<?xml version="1.0" encoding="UTF-8"?>
<!-- Generated by org.testng.reporters.JUnitReportReporter -->
<testsuite skipped="0" hostname="DESKTOP-TSQEDQT" name="com.technogearup.E2EProject.ValidateTitle" tests="1" failures="0" timestamp="28 Mar 2021 09:58:20 GMT" time="4.653" errors="0">
  <testcase name="basePageNavigation" time="4.653" classname="com.technogearup.E2EProject.ValidateTitle"/>
</testsuite> <!-- com.technogearup.E2EProject.ValidateTitle -->
